<?xml version="1.0" encoding="UTF-8"?>
<robot generator="Robot 7.0 (Python 3.8.6 on win32)" generated="2024-04-11T14:38:38.599416" rpa="false" schemaversion="5">
<suite id="s1" name="Test Suite" source="C:\Users\mangesh thengadi\projects\testai_project\test_suite.robot">
<test id="s1-t1" name="Test Open google.com" line="5">
<kw name="Open Browser" owner="SeleniumLibrary">
<msg time="2024-04-11T14:38:41.103338" level="INFO">Opening browser 'chrome' to base url 'https://google.com'.</msg>
<arg>https://google.com</arg>
<arg>chrome</arg>
<doc>Opens a new browser instance to the optional ``url``.</doc>
<status status="PASS" start="2024-04-11T14:38:41.103338" elapsed="19.318304"/>
</kw>
<status status="PASS" start="2024-04-11T14:38:41.102341" elapsed="19.320297"/>
</test>
<status status="PASS" start="2024-04-11T14:38:38.601414" elapsed="21.822220"/>
</suite>
<statistics>
<total>
<stat pass="1" fail="0" skip="0">All Tests</stat>
</total>
<tag>
</tag>
<suite>
<stat pass="1" fail="0" skip="0" id="s1" name="Test Suite">Test Suite</stat>
</suite>
</statistics>
<errors>
</errors>
</robot>
